<?xml version="1.0" encoding="UTF-8"?>
<!-- Generated by org.testng.reporters.JUnitXMLReporter -->
<testsuite hostname="amuzement" ignored="0" tests="4" failures="0" timestamp="2019-12-29T10:17:32 EST" time="0.073" errors="0">
  <testcase name="Regular" time="0.012" classname="StreamTest"/>
  <testcase name="StreamCollect" time="0.005" classname="StreamTest"/>
  <testcase name="StreamFilter" time="0.004" classname="StreamTest"/>
  <testcase name="StreamMap" time="0.004" classname="StreamTest"/>
</testsuite>
