<?xml version="1.0" encoding="UTF-8"?>
<!-- Generated by org.testng.reporters.JUnitXMLReporter -->
<testsuite hostname="HAL9000" ignored="0" name="Default test" tests="3" failures="0" timestamp="2019-12-28T10:41:26 EST" time="0.999" errors="0">
  <testcase name="testCaseData" time="0.016" classname="dataDriven.excelDataProvider.dataProvide"/>
  <testcase name="testCaseData" time="0.009" classname="dataDriven.excelDataProvider.dataProvide"/>
  <testcase name="testCaseData" time="0.004" classname="dataDriven.excelDataProvider.dataProvide"/>
</testsuite> <!-- Default test -->
