<?xml version="1.0" encoding="UTF-8"?>
<testng-results skipped="0" failed="0" ignored="0" total="1" passed="1">
  <reporter-output>
  </reporter-output>
  <suite name="Default suite" duration-ms="2051" started-at="2019-12-28T10:51:36 EST" finished-at="2019-12-28T10:51:38 EST">
    <groups>
    </groups>
    <test name="Default test" duration-ms="2051" started-at="2019-12-28T10:51:36 EST" finished-at="2019-12-28T10:51:38 EST">
      <class name="dataDriven.excelDataProvider.excel">
        <test-method status="PASS" signature="getExcel()[pri:0, instance:dataDriven.excelDataProvider.excel@520a3426]" name="getExcel" duration-ms="1924" started-at="2019-12-28T10:51:37 EST" finished-at="2019-12-28T10:51:38 EST">
          <reporter-output>
          </reporter-output>
        </test-method> <!-- getExcel -->
      </class> <!-- dataDriven.excelDataProvider.excel -->
    </test> <!-- Default test -->
  </suite> <!-- Default suite -->
</testng-results>
