<?xml version="1.0" encoding="UTF-8"?>
<testng-results skipped="0" failed="0" ignored="0" total="3" passed="3">
  <reporter-output>
  </reporter-output>
  <suite name="Suite" duration-ms="14587" started-at="2019-12-23T13:40:28 EST" finished-at="2019-12-23T13:40:43 EST">
    <groups>
    </groups>
    <test name="Test" duration-ms="14587" started-at="2019-12-23T13:40:28 EST" finished-at="2019-12-23T13:40:43 EST">
      <class name="remoteTesting.dockerValidation.chromeNode1Test">
        <test-method status="PASS" signature="test1()[pri:0, instance:remoteTesting.dockerValidation.chromeNode1Test@731a74c]" name="test1" duration-ms="14538" started-at="2019-12-23T13:40:29 EST" finished-at="2019-12-23T13:40:43 EST">
          <reporter-output>
          </reporter-output>
        </test-method> <!-- test1 -->
      </class> <!-- remoteTesting.dockerValidation.chromeNode1Test -->
      <class name="remoteTesting.dockerValidation.chromeNode2Test">
        <test-method status="PASS" signature="test2()[pri:0, instance:remoteTesting.dockerValidation.chromeNode2Test@369f73a2]" name="test2" duration-ms="4452" started-at="2019-12-23T13:40:29 EST" finished-at="2019-12-23T13:40:33 EST">
          <reporter-output>
          </reporter-output>
        </test-method> <!-- test2 -->
      </class> <!-- remoteTesting.dockerValidation.chromeNode2Test -->
      <class name="remoteTesting.dockerValidation.chromeNode3Test">
        <test-method status="PASS" signature="test3()[pri:0, instance:remoteTesting.dockerValidation.chromeNode3Test@1f28c152]" name="test3" duration-ms="6383" started-at="2019-12-23T13:40:29 EST" finished-at="2019-12-23T13:40:35 EST">
          <reporter-output>
          </reporter-output>
        </test-method> <!-- test3 -->
      </class> <!-- remoteTesting.dockerValidation.chromeNode3Test -->
    </test> <!-- Test -->
  </suite> <!-- Suite -->
</testng-results>
