<?xml version="1.0" encoding="UTF-8"?>
<!-- Generated by org.testng.reporters.JUnitXMLReporter -->
<testsuite hostname="amuzement" ignored="0" name="Test" tests="3" failures="0" timestamp="2019-12-24T08:16:53 EST" time="39.239" errors="0">
  <testcase name="test2" time="6.934" classname="remoteTesting.dockerValidation.chromeNode2Test"/>
  <testcase name="test3" time="8.906" classname="remoteTesting.dockerValidation.chromeNode3Test"/>
  <testcase name="test1" time="19.629" classname="remoteTesting.dockerValidation.chromeNode1Test"/>
</testsuite> <!-- Test -->
