<?xml version="1.0" encoding="UTF-8"?>
<!-- Generated by org.testng.reporters.JUnitXMLReporter -->
<testsuite hostname="amuzement" ignored="0" name="Test" tests="3" failures="0" timestamp="2019-12-23T13:40:43 EST" time="14.587" errors="0">
  <testcase name="test2" time="4.452" classname="remoteTesting.dockerValidation.chromeNode2Test"/>
  <testcase name="test3" time="6.383" classname="remoteTesting.dockerValidation.chromeNode3Test"/>
  <testcase name="test1" time="14.538" classname="remoteTesting.dockerValidation.chromeNode1Test"/>
</testsuite> <!-- Test -->
